[2026-04-14T10:24:42Z] === ENRICH ITERATION 1 START | repo=pytest-dev/pytest-xdist sha=1e3e4dc1 ===
[2026-04-14T10:24:42Z] [iter=1] PHASE START: enrich repo=pytest-dev/pytest-xdist sha=1e3e4dc1 runlog=/home/runner/work/forx/forx/storage/aggregate/lsp/logs/1e3e4dc1-enrich-iter-001.log output=/home/runner/work/forx/forx/storage/aggregate/lsp/1e3e4dc16523c8a8f6c67d95a950166420718c99.nq.gz
[2026-04-14T10:24:45Z] [iter=1] Step 1: Loading AST into disk-backed store mem_mb=78 MB
[2026-04-14T10:24:49Z] [iter=1] AST store loaded triples=304964 load_secs=3 mem_mb=516 MB
[2026-04-14T10:24:49Z] [iter=1] Step 2: Finding LSP targets mem_mb=516 MB
[2026-04-14T10:24:49Z] [iter=1] LSP targets found call_sites=2222 imports=245 extends=15 implements=0 secs=1
[2026-04-14T10:24:50Z] [iter=1] Step 2.7: Building position index (one-shot, shared across resolvers) mem_mb=516 MB
[2026-04-14T10:24:52Z] [iter=1] Position index built positions=20706 nodes_with_types=26874 secs=2 mem_mb=516 MB
[2026-04-14T10:24:52Z] [iter=1] Step 3: Starting LSP resolution mem_mb=516 MB already_completed_types=[] already_completed_files=0
[2026-04-14T10:24:52Z] [iter=1] Resolving target type target_type=call_site count=2222
[2026-04-14T10:25:26Z] [iter=1] HEARTBEAT target_type=call_site elapsed_min=0.7 files_done=3 resolved=84 errors=278 current=src/xdist/scheduler/loadscope.py
[2026-04-14T10:26:05Z] [iter=1] HEARTBEAT target_type=call_site elapsed_min=1.4 files_done=6 resolved=184 errors=604 current=testing/test_looponfail.py
[2026-04-14T10:26:56Z] [iter=1] HEARTBEAT target_type=call_site elapsed_min=2.2 files_done=8 resolved=251 errors=1038 current=src/xdist/looponfail.py
[2026-04-14T10:27:30Z] [iter=1] HEARTBEAT target_type=call_site elapsed_min=2.8 files_done=13 resolved=394 errors=1331 current=src/xdist/scheduler/loadfile.py
[2026-04-14T10:27:52Z] [iter=1] Target type resolved target_type=call_site resolved=506 errors=1508 secs=180 mem_mb=516 MB
[2026-04-14T10:27:52Z] [iter=1] Resolving target type target_type=import_statement count=245
[2026-04-14T10:27:55Z] [iter=1] Target type resolved target_type=import_statement resolved=174 errors=0 secs=3 mem_mb=516 MB
[2026-04-14T10:27:55Z] [iter=1] Resolving target type target_type=extends_clause count=15
[2026-04-14T10:27:56Z] [iter=1] Target type resolved target_type=extends_clause resolved=15 errors=0 secs=2 mem_mb=516 MB
[2026-04-14T10:27:59Z] [iter=1] Step 5: Writing final enrichment file triples=20248
[2026-04-14T10:27:59Z] [iter=1] Enrichment file written path=/home/runner/work/forx/forx/storage/aggregate/lsp/1e3e4dc16523c8a8f6c67d95a950166420718c99.nq.gz size_kb=372
[2026-04-14T10:27:59Z] [iter=1] PHASE END: enrich elapsed_s=197 elapsed_min=3.3 total_triples=20248
